<?xml version="1.0" encoding="UTF-8"?>
<!-- Generated by org.testng.reporters.JUnitXMLReporter -->
<testsuite hostname="Sagar-PC" name="Test" tests="1" failures="1" timestamp="9 Sep 2019 16:11:26 GMT" time="22.934" errors="0">
  <testcase name="script" time="22.861" classname="testScript.Tc_BookAFlightOneWayOnePassanger">
    <failure type="java.lang.AssertionError" message="The following asserts failed:
	expected [true] but found [false]">
      <![CDATA[java.lang.AssertionError: The following asserts failed:
	expected [true] but found [false]
	at testScript.Tc_BookAFlightOneWayOnePassanger.script(Tc_BookAFlightOneWayOnePassanger.java:51)
... Removed 26 stack frames]]>
    </failure>
  </testcase> <!-- script -->
</testsuite> <!-- Test -->
